<?xml version="1.0" encoding="UTF-8"?>
<testng-results ignored="0" total="1" passed="1" failed="0" skipped="0">
  <reporter-output>
  </reporter-output>
  <suite started-at="2024-11-28T10:10:31 IST" name="Default suite" finished-at="2024-11-28T10:10:31 IST" duration-ms="82">
    <groups>
    </groups>
    <test started-at="2024-11-28T10:10:31 IST" name="Default test" finished-at="2024-11-28T10:10:31 IST" duration-ms="82">
      <class name="practiceArrayPrograms.Right_totation">
        <test-method signature="rightShiftWithColl()[pri:0, instance:practiceArrayPrograms.Right_totation@a3d8174]" started-at="2024-11-28T10:10:31 IST" name="rightShiftWithColl" finished-at="2024-11-28T10:10:31 IST" duration-ms="18" status="PASS">
          <reporter-output>
          </reporter-output>
        </test-method> <!-- rightShiftWithColl -->
      </class> <!-- practiceArrayPrograms.Right_totation -->
    </test> <!-- Default test -->
  </suite> <!-- Default suite -->
</testng-results>
